<?xml version="1.0" encoding="UTF-8" ?>
<testsuite tests="8" failures="0" name="runners.TestRunner" time="0.005" errors="0" skipped="0">
  <properties>
    <property name="java.runtime.name" value="Java(TM) SE Runtime Environment"/>
    <property name="cucumber.options" value="-t @AmazonSearch"/>
    <property name="java.vm.version" value="10.0.2+13"/>
    <property name="sun.boot.library.path" value="C:\Program Files\Java\jdk-10.0.2\bin"/>
    <property name="java.vm.vendor" value="&quot;Oracle Corporation&quot;"/>
    <property name="java.vendor.url" value="http://java.oracle.com/"/>
    <property name="guice.disable.misplaced.annotation.check" value="true"/>
    <property name="path.separator" value=";"/>
    <property name="java.vm.name" value="Java HotSpot(TM) 64-Bit Server VM"/>
    <property name="file.encoding.pkg" value="sun.io"/>
    <property name="sun.os.patch.level" value=""/>
    <property name="user.script" value=""/>
    <property name="user.country" value="AU"/>
    <property name="sun.java.launcher" value="SUN_STANDARD"/>
    <property name="java.vm.specification.name" value="Java Virtual Machine Specification"/>
    <property name="user.dir" value="D:\Projects\Java_Project\amazon_test_maven\book_order\book_order"/>
    <property name="java.vm.compressedOopsMode" value="Zero based"/>
    <property name="java.runtime.version" value="10.0.2+13"/>
    <property name="java.awt.graphicsenv" value="sun.awt.Win32GraphicsEnvironment"/>
    <property name="os.arch" value="amd64"/>
    <property name="java.io.tmpdir" value="C:\Users\ADMINI~1\AppData\Local\Temp\"/>
    <property name="line.separator" value="
"/>
    <property name="java.vm.specification.vendor" value="Oracle Corporation"/>
    <property name="user.variant" value=""/>
    <property name="os.name" value="Windows 10"/>
    <property name="classworlds.conf" value="D:\Projects\Java_Project\apache-maven-3.1.1\bin\..\bin\m2.conf"/>
    <property name="sun.jnu.encoding" value="GBK"/>
    <property name="java.library.path" value="C:\Program Files\Java\jdk-10.0.2\bin;C:\WINDOWS\Sun\Java\bin;C:\WINDOWS\system32;C:\WINDOWS;D:\Software\cmder\bin;D:\Software\cmder\vendor\git-for-windows\cmd;D:\Software\cmder\vendor\conemu-maximus5\ConEmu\Scripts;D:\Software\cmder\vendor\conemu-maximus5;D:\Software\cmder\vendor\conemu-maximus5\ConEmu;C:\Program Files (x86)\Common Files\Oracle\Java\javapath;C:\WINDOWS\system32;C:\WINDOWS;C:\WINDOWS\System32\Wbem;C:\WINDOWS\System32\WindowsPowerShell\v1.0\;C:\Python27;C:\Python27\Scripts;D:\Software\cmder;D:\SQLite\sqlite-tools-win32-x86-3210000;D:\Software\phantomjs-2.1.1-windows\bin;C:\WINDOWS\System32\OpenSSH\;D:\Visual_Studio_Project\geckodriver-v0.21.0-win64;C:\Windows\Microsoft.NET\Framework64\v4.0.30319;D:\Projects\geckodriver-v0.21.0-win64;C:\Ruby25-x64\bin;C:\Users\Administrator\AppData\Local\Microsoft\WindowsApps;C:\Python27;C:\Python27\Scripts;D:\Software\cmder;D:\SQLite\sqlite-tools-win32-x86-3210000;D:\Visual_Studio_Project\geckodriver-v0.21.0-win64;D:\Projects\Java_Project\apache-maven-3.1.1\bin;;D:\Software\cmder\vendor\git-for-windows\usr\bin;D:\Software\cmder\vendor\git-for-windows\usr\share\vim\vim74;D:\Software\cmder\;."/>
    <property name="jdk.debug" value="release"/>
    <property name="java.class.version" value="54.0"/>
    <property name="java.specification.name" value="Java Platform API Specification"/>
    <property name="sun.management.compiler" value="HotSpot 64-Bit Tiered Compilers"/>
    <property name="os.version" value="10.0"/>
    <property name="user.home" value="C:\Users\Administrator"/>
    <property name="user.timezone" value="Australia/Brisbane"/>
    <property name="java.awt.printerjob" value="sun.awt.windows.WPrinterJob"/>
    <property name="file.encoding" value="GBK"/>
    <property name="java.specification.version" value="10"/>
    <property name="user.name" value="Administrator"/>
    <property name="java.class.path" value="D:\Projects\Java_Project\apache-maven-3.1.1\bin\..\boot\plexus-classworlds-2.5.1.jar"/>
    <property name="org.slf4j.simpleLogger.defaultLogLevel" value="info"/>
    <property name="java.vm.specification.version" value="10"/>
    <property name="sun.arch.data.model" value="64"/>
    <property name="sun.java.command" value="org.codehaus.plexus.classworlds.launcher.Launcher test -Dcucumber.options=-t @AmazonSearch"/>
    <property name="java.home" value="C:\Program Files\Java\jdk-10.0.2"/>
    <property name="user.language" value="en"/>
    <property name="java.specification.vendor" value="Oracle Corporation"/>
    <property name="awt.toolkit" value="sun.awt.windows.WToolkit"/>
    <property name="java.vm.info" value="mixed mode"/>
    <property name="java.version" value="10.0.2"/>
    <property name="java.vendor" value="Oracle Corporation"/>
    <property name="sun.stderr.encoding" value="ms936"/>
    <property name="maven.home" value="D:\Projects\Java_Project\apache-maven-3.1.1\bin\.."/>
    <property name="file.separator" value="\"/>
    <property name="java.version.date" value="2018-07-17"/>
    <property name="java.vendor.url.bug" value="http://bugreport.java.com/bugreport/"/>
    <property name="sun.io.unicode.encoding" value="UnicodeLittle"/>
    <property name="sun.cpu.endian" value="little"/>
    <property name="java.vendor.version" value="18.3"/>
    <property name="sun.stdout.encoding" value="ms936"/>
    <property name="sun.desktop" value="windows"/>
    <property name="sun.cpu.isalist" value="amd64"/>
  </properties>
  <testcase classname="Scenario: Place Online Book Order" name="Given user is on amazon home page" time="0.004"/>
  <testcase classname="Scenario: Place Online Book Order" name="When user searches American Gods" time="0"/>
  <testcase classname="Scenario: Place Online Book Order" name="Then user should see search result" time="0"/>
  <testcase classname="Scenario: Place Online Book Order" name="Scenario: Place Online Book Order" time="0"/>
  <testcase classname="Scenario: Order Test" name="Given user is on amazon home page" time="0"/>
  <testcase classname="Scenario: Order Test" name="When user click order" time="0"/>
  <testcase classname="Scenario: Order Test" name="Then user should see log in page" time="0"/>
  <testcase classname="Scenario: Order Test" name="Scenario: Order Test" time="0.001"/>
</testsuite>